Arguments: 
  /usr/local/Cellar/node@12/12.18.0/bin/node /usr/local/Cellar/yarn/1.22.4/libexec/bin/yarn.js lint

PATH: 
  /usr/local/opt/node@12/bin:/usr/local/bin:/usr/bin:/bin:/usr/sbin:/sbin:/usr/local/opt/node@12/bin:/Users/linus/Documents/app_projects/flutter/flutter/bin:/Users/linus/Documents/app_projects/flutter/flutter/bin

Yarn version: 
  1.22.4

Node version: 
  12.18.0

Platform: 
  darwin x64

Trace: 
  SyntaxError: /Users/linus/Documents/web_projects/retail-demo/package.json: Unexpected token } in JSON at position 395
      at JSON.parse (<anonymous>)
      at /usr/local/Cellar/yarn/1.22.4/libexec/lib/cli.js:1625:59
      at Generator.next (<anonymous>)
      at step (/usr/local/Cellar/yarn/1.22.4/libexec/lib/cli.js:310:30)
      at /usr/local/Cellar/yarn/1.22.4/libexec/lib/cli.js:321:13

npm manifest: 
  {
    "name": "retail-demo",
    "version": "1.0.0",
    "description": "",
    "main": "index.js",
    "scripts": {
      "start": "concurrently \"npm run client\" \"npm run server\" ",
      "client": "webpack --mode development --watch",
      "server": "nodemon src/server/index.js",
      "build": "webpack --mode production",
      "test": "./node_modules/.bin/jest --coverage",
      "lint": "eslint --fix",
    },
    "author": "",
    "license": "ISC",
    "dependencies": {
      "@types/express": "^4.11.1",
      "@types/lodash": "^4.14.109",
      "@types/react": "^16.3.14",
      "@types/react-dom": "^16.0.5",
      "@types/webpack-env": "^1.13.6",
      "express": "^4.16.3",
      "hoek": "^5.0.3",
      "lodash": "^4.17.10",
      "react": "^16.3.2",
      "react-dom": "^16.3.2"
    },
    "devDependencies": {
      "@types/enzyme": "^3.1.11",
      "@types/enzyme-adapter-react-16": "^1.0.2",
      "@types/jest": "^22.2.3",
      "@typescript-eslint/eslint-plugin": "^3.9.0",
      "@typescript-eslint/parser": "^3.9.0",
      "awesome-typescript-loader": "^5.0.0",
      "clean-webpack-plugin": "^0.1.19",
      "concurrently": "^3.5.1",
      "css-loader": "^0.28.11",
      "enzyme": "^3.3.0",
      "enzyme-adapter-react-16": "^1.1.1",
      "eslint": "^7.7.0",
      "extract-loader": "^2.0.1",
      "extract-text-webpack-plugin": "^4.0.0-beta.0",
      "file-loader": "^1.1.11",
      "html-webpack-plugin": "^3.2.0",
      "jest": "^22.4.3",
      "node-sass": "^4.9.0",
      "nodemon": "^1.17.5",
      "sass-loader": "^7.0.1",
      "source-map-loader": "^0.2.3",
      "style-loader": "^0.20.3",
      "ts-jest": "^22.4.6",
      "typescript": "^2.9.2",
      "url-loader": "^1.0.1",
      "webpack": "^4.4.1",
      "webpack-cli": "^2.0.12",
      "webpack-dev-server": "^3.1.4",
      "webpack-md5-hash": "0.0.6"
    },
    "jest": {
      "setupFiles": [
        ".src/client/test/setupTests.js"
      ]
    }
  }

yarn manifest: 
  No manifest

Lockfile: 
  No lockfile
